2019-07-08 00:05:21.951 - WARN  [l-1 housekeeper] c.z.h.p.HikariPool$HouseKeeper : HikariPool-1 - Thread starvation or clock leap detected (housekeeper delta=27m23s560ms).
2019-07-08 01:02:16.003 - WARN  [l-1 housekeeper] c.z.h.p.HikariPool$HouseKeeper : HikariPool-1 - Thread starvation or clock leap detected (housekeeper delta=27m23s847ms).
2019-07-08 01:59:40.364 - WARN  [l-1 housekeeper] c.z.h.p.HikariPool$HouseKeeper : HikariPool-1 - Thread starvation or clock leap detected (housekeeper delta=27m23s536ms).
2019-07-08 02:56:34.320 - WARN  [l-1 housekeeper] c.z.h.p.HikariPool$HouseKeeper : HikariPool-1 - Thread starvation or clock leap detected (housekeeper delta=27m23s668ms).
2019-07-08 03:53:27.419 - WARN  [l-1 housekeeper] c.z.h.p.HikariPool$HouseKeeper : HikariPool-1 - Thread starvation or clock leap detected (housekeeper delta=27m22s832ms).
2019-07-08 04:50:50.372 - WARN  [l-1 housekeeper] c.z.h.p.HikariPool$HouseKeeper : HikariPool-1 - Thread starvation or clock leap detected (housekeeper delta=27m22s673ms).
2019-07-08 05:47:44.815 - WARN  [l-1 housekeeper] c.z.h.p.HikariPool$HouseKeeper : HikariPool-1 - Thread starvation or clock leap detected (housekeeper delta=27m24s64ms).
2019-07-08 06:44:37.665 - WARN  [l-1 housekeeper] c.z.h.p.HikariPool$HouseKeeper : HikariPool-1 - Thread starvation or clock leap detected (housekeeper delta=27m22s601ms).
2019-07-08 07:41:32.445 - WARN  [l-1 housekeeper] c.z.h.p.HikariPool$HouseKeeper : HikariPool-1 - Thread starvation or clock leap detected (housekeeper delta=27m24s490ms).
2019-07-08 08:38:28.005 - WARN  [l-1 housekeeper] c.z.h.p.HikariPool$HouseKeeper : HikariPool-1 - Thread starvation or clock leap detected (housekeeper delta=27m25s193ms).
2019-07-08 08:38:57.512 - WARN  [l-1 housekeeper] c.z.h.p.HikariPool$HouseKeeper : HikariPool-1 - Retrograde clock change detected (housekeeper delta=29s508ms), soft-evicting connections from pool.
2019-07-08 09:35:51.059 - WARN  [l-1 housekeeper] c.z.h.p.HikariPool$HouseKeeper : HikariPool-1 - Thread starvation or clock leap detected (housekeeper delta=27m23s290ms).
2019-07-08 12:13:33.000 - WARN  [l-1 housekeeper] c.z.h.p.HikariPool$HouseKeeper : HikariPool-1 - Thread starvation or clock leap detected (housekeeper delta=10m10s776ms).
2019-07-08 12:39:00.226 - WARN  [l-1 housekeeper] c.z.h.p.HikariPool$HouseKeeper : HikariPool-1 - Thread starvation or clock leap detected (housekeeper delta=9m56s973ms).
2019-07-08 13:34:14.257 - WARN  [l-1 housekeeper] c.z.h.p.HikariPool$HouseKeeper : HikariPool-1 - Thread starvation or clock leap detected (housekeeper delta=5m13s524ms).
2019-07-08 13:55:09.566 - WARN  [nio-8082-exec-8] c.z.h.p.PoolBase               : HikariPool-1 - Failed to validate connection com.mysql.jdbc.JDBC4Connection@4d2839b5 (No operations allowed after connection closed.)
2019-07-08 13:55:13.304 - INFO  [nio-8082-exec-2] c.w.a.c.u.LoginController      : 登录接口:/login/checking userName=18600001111
2019-07-08 13:55:13.398 - INFO  [nio-8082-exec-2] c.w.a.c.u.LoginController      : AES密码aesPwd=cIm1TraRm1pB0AwlwST5aQ==
2019-07-08 13:55:14.594 - WARN  [nio-8082-exec-8] c.z.h.p.PoolBase               : HikariPool-1 - Failed to validate connection com.mysql.jdbc.JDBC4Connection@2e865b99 (No operations allowed after connection closed.)
2019-07-08 13:55:18.434 - WARN  [nio-8082-exec-2] c.z.h.p.PoolBase               : HikariPool-1 - Failed to validate connection com.mysql.jdbc.JDBC4Connection@24241247 (No operations allowed after connection closed.)
2019-07-08 13:55:19.605 - WARN  [nio-8082-exec-8] c.z.h.p.PoolBase               : HikariPool-1 - Failed to validate connection com.mysql.jdbc.JDBC4Connection@19e5cfc8 (No operations allowed after connection closed.)
2019-07-08 13:55:23.443 - WARN  [nio-8082-exec-2] c.z.h.p.PoolBase               : HikariPool-1 - Failed to validate connection com.mysql.jdbc.JDBC4Connection@37195d3a (No operations allowed after connection closed.)
2019-07-08 13:55:24.612 - WARN  [nio-8082-exec-8] c.z.h.p.PoolBase               : HikariPool-1 - Failed to validate connection com.mysql.jdbc.JDBC4Connection@1d925d35 (No operations allowed after connection closed.)
2019-07-08 13:55:28.452 - WARN  [nio-8082-exec-2] c.z.h.p.PoolBase               : HikariPool-1 - Failed to validate connection com.mysql.jdbc.JDBC4Connection@5c343558 (No operations allowed after connection closed.)
2019-07-08 13:55:29.621 - WARN  [nio-8082-exec-8] c.z.h.p.PoolBase               : HikariPool-1 - Failed to validate connection com.mysql.jdbc.JDBC4Connection@1d4978d (No operations allowed after connection closed.)
2019-07-08 13:55:33.459 - WARN  [nio-8082-exec-2] c.z.h.p.PoolBase               : HikariPool-1 - Failed to validate connection com.mysql.jdbc.JDBC4Connection@3aa2a3aa (No operations allowed after connection closed.)
2019-07-08 13:55:34.624 - WARN  [nio-8082-exec-8] c.z.h.p.PoolBase               : HikariPool-1 - Failed to validate connection com.mysql.jdbc.JDBC4Connection@7162103b (No operations allowed after connection closed.)
2019-07-08 13:55:34.639 - WARN  [nio-8082-exec-8] o.h.e.j.s.SqlExceptionHelper   : SQL Error: 0, SQLState: 08003
2019-07-08 13:55:34.646 - WARN  [nio-8082-exec-8] o.h.e.j.s.SqlExceptionHelper   : SQL Error: 0, SQLState: 08003
2019-07-08 13:55:34.846 - WARN  [nio-8082-exec-8] stractHandlerExceptionResolver : Resolved [org.springframework.transaction.CannotCreateTransactionException: Could not open JPA EntityManager for transaction; nested exception is org.hibernate.exception.JDBCConnectionException: Unable to acquire JDBC Connection]
2019-07-08 14:15:44.412 - WARN  [l-1 housekeeper] c.z.h.p.HikariPool$HouseKeeper : HikariPool-1 - Retrograde clock change detected (housekeeper delta=29s762ms), soft-evicting connections from pool.
2019-07-08 14:41:04.564 - WARN  [l-1 housekeeper] c.z.h.p.HikariPool$HouseKeeper : HikariPool-1 - Thread starvation or clock leap detected (housekeeper delta=25m20s154ms).
2019-07-08 15:07:47.197 - WARN  [l-1 housekeeper] c.z.h.p.HikariPool$HouseKeeper : HikariPool-1 - Thread starvation or clock leap detected (housekeeper delta=26m42s633ms).
2019-07-08 15:18:19.929 - WARN  [io-8082-exec-10] c.z.h.p.PoolBase               : HikariPool-1 - Failed to validate connection com.mysql.jdbc.JDBC4Connection@286ba1cc (No operations allowed after connection closed.)
2019-07-08 15:18:24.939 - WARN  [io-8082-exec-10] c.z.h.p.PoolBase               : HikariPool-1 - Failed to validate connection com.mysql.jdbc.JDBC4Connection@1719fb97 (No operations allowed after connection closed.)
2019-07-08 15:18:29.948 - WARN  [io-8082-exec-10] c.z.h.p.PoolBase               : HikariPool-1 - Failed to validate connection com.mysql.jdbc.JDBC4Connection@57c7130b (No operations allowed after connection closed.)
2019-07-08 15:18:34.959 - WARN  [io-8082-exec-10] c.z.h.p.PoolBase               : HikariPool-1 - Failed to validate connection com.mysql.jdbc.JDBC4Connection@56216573 (No operations allowed after connection closed.)
2019-07-08 15:18:39.965 - WARN  [io-8082-exec-10] c.z.h.p.PoolBase               : HikariPool-1 - Failed to validate connection com.mysql.jdbc.JDBC4Connection@26c37c46 (No operations allowed after connection closed.)
2019-07-08 15:18:44.974 - WARN  [io-8082-exec-10] c.z.h.p.PoolBase               : HikariPool-1 - Failed to validate connection com.mysql.jdbc.JDBC4Connection@1252db62 (No operations allowed after connection closed.)
2019-07-08 15:18:44.975 - WARN  [io-8082-exec-10] o.h.e.j.s.SqlExceptionHelper   : SQL Error: 0, SQLState: 08003
2019-07-08 15:18:44.977 - WARN  [io-8082-exec-10] o.h.e.j.s.SqlExceptionHelper   : SQL Error: 0, SQLState: 08003
2019-07-08 15:18:45.009 - WARN  [io-8082-exec-10] stractHandlerExceptionResolver : Resolved [org.springframework.transaction.CannotCreateTransactionException: Could not open JPA EntityManager for transaction; nested exception is org.hibernate.exception.JDBCConnectionException: Unable to acquire JDBC Connection]
2019-07-08 15:25:19.091 - WARN  [nio-8082-exec-2] stractHandlerExceptionResolver : Resolved [java.lang.NullPointerException]
2019-07-08 15:25:19.091 - WARN  [nio-8082-exec-8] stractHandlerExceptionResolver : Resolved [java.lang.NullPointerException]
2019-07-08 15:25:28.247 - INFO  [nio-8082-exec-9] c.w.a.c.u.LoginController      : 登录接口:/login/checking userName=18600001111
2019-07-08 15:25:28.250 - INFO  [nio-8082-exec-9] c.w.a.c.u.LoginController      : AES密码aesPwd=cIm1TraRm1pB0AwlwST5aQ==
2019-07-08 15:25:33.261 - WARN  [nio-8082-exec-9] c.z.h.p.PoolBase               : HikariPool-1 - Failed to validate connection com.mysql.jdbc.JDBC4Connection@2138e127 (No operations allowed after connection closed.)
2019-07-08 15:25:38.269 - WARN  [nio-8082-exec-9] c.z.h.p.PoolBase               : HikariPool-1 - Failed to validate connection com.mysql.jdbc.JDBC4Connection@19de1932 (No operations allowed after connection closed.)
2019-07-08 15:25:43.275 - WARN  [nio-8082-exec-9] c.z.h.p.PoolBase               : HikariPool-1 - Failed to validate connection com.mysql.jdbc.JDBC4Connection@3bcefad0 (No operations allowed after connection closed.)
2019-07-08 15:25:48.284 - WARN  [nio-8082-exec-9] c.z.h.p.PoolBase               : HikariPool-1 - Failed to validate connection com.mysql.jdbc.JDBC4Connection@4718e65b (No operations allowed after connection closed.)
2019-07-08 15:52:51.506 - INFO  [      Thread-30] c.s.AbstractApplicationContext : Closing org.springframework.boot.web.servlet.context.AnnotationConfigServletWebServerApplicationContext@7d9f158f: startup date [Fri Jul 05 20:13:57 CST 2019]; root of context hierarchy
2019-07-08 15:52:51.599 - INFO  [      Thread-30] ecycleProcessor$LifecycleGroup : Stopping beans in phase 2147483647
2019-07-08 15:52:51.644 - INFO  [      Thread-30] o.s.j.e.MBeanExporter          : Unregistering JMX-exposed beans on shutdown
2019-07-08 15:52:51.648 - INFO  [      Thread-30] s.j.s.MBeanRegistrationSupport : Unregistering JMX-exposed beans
2019-07-08 15:52:51.784 - INFO  [      Thread-30] stractEntityManagerFactoryBean : Closing JPA EntityManagerFactory for persistence unit 'default'
2019-07-08 15:52:51.836 - INFO  [      Thread-30] c.z.h.HikariDataSource         : HikariPool-1 - Shutdown initiated...
2019-07-08 15:52:51.852 - INFO  [      Thread-30] c.z.h.HikariDataSource         : HikariPool-1 - Shutdown completed.
