2019-07-05 00:10:52.626 - WARN  [l-1 housekeeper] c.z.h.p.HikariPool$HouseKeeper : HikariPool-1 - Thread starvation or clock leap detected (housekeeper delta=26m20s271ms).
2019-07-05 00:47:13.593 - WARN  [nio-8081-exec-9] stractHandlerExceptionResolver : Resolved [java.lang.NullPointerException]
2019-07-05 00:52:32.322 - WARN  [io-8081-exec-10] stractHandlerExceptionResolver : Resolved [java.lang.NullPointerException]
2019-07-05 01:52:46.186 - WARN  [l-1 housekeeper] c.z.h.p.HikariPool$HouseKeeper : HikariPool-1 - Thread starvation or clock leap detected (housekeeper delta=25m22s697ms).
2019-07-05 01:52:47.223 - WARN  [nio-8081-exec-3] stractHandlerExceptionResolver : Resolved [java.lang.NullPointerException]
2019-07-05 02:47:13.138 - WARN  [nio-8081-exec-6] stractHandlerExceptionResolver : Resolved [java.lang.NullPointerException]
2019-07-05 03:06:02.313 - WARN  [l-1 housekeeper] c.z.h.p.HikariPool$HouseKeeper : HikariPool-1 - Thread starvation or clock leap detected (housekeeper delta=16m15s455ms).
2019-07-05 04:03:26.292 - WARN  [l-1 housekeeper] c.z.h.p.HikariPool$HouseKeeper : HikariPool-1 - Thread starvation or clock leap detected (housekeeper delta=27m23s755ms).
2019-07-05 04:03:29.499 - WARN  [nio-8081-exec-4] c.z.h.p.PoolBase               : HikariPool-1 - Failed to validate connection com.mysql.jdbc.JDBC4Connection@6450e475 (No operations allowed after connection closed.)
2019-07-05 04:03:34.515 - WARN  [nio-8081-exec-4] c.z.h.p.PoolBase               : HikariPool-1 - Failed to validate connection com.mysql.jdbc.JDBC4Connection@7a59f701 (No operations allowed after connection closed.)
2019-07-05 04:03:39.521 - WARN  [nio-8081-exec-4] c.z.h.p.PoolBase               : HikariPool-1 - Failed to validate connection com.mysql.jdbc.JDBC4Connection@28408ebc (No operations allowed after connection closed.)
2019-07-05 04:03:44.525 - WARN  [nio-8081-exec-4] c.z.h.p.PoolBase               : HikariPool-1 - Failed to validate connection com.mysql.jdbc.JDBC4Connection@46c1335f (No operations allowed after connection closed.)
2019-07-05 04:03:49.530 - WARN  [nio-8081-exec-4] c.z.h.p.PoolBase               : HikariPool-1 - Failed to validate connection com.mysql.jdbc.JDBC4Connection@5f8c60d9 (No operations allowed after connection closed.)
2019-07-05 04:03:54.536 - WARN  [nio-8081-exec-4] c.z.h.p.PoolBase               : HikariPool-1 - Failed to validate connection com.mysql.jdbc.JDBC4Connection@5e22c1db (No operations allowed after connection closed.)
2019-07-05 04:03:54.548 - WARN  [nio-8081-exec-4] o.h.e.j.s.SqlExceptionHelper   : SQL Error: 0, SQLState: 08003
2019-07-05 04:03:54.554 - WARN  [nio-8081-exec-4] o.h.e.j.s.SqlExceptionHelper   : SQL Error: 0, SQLState: 08003
2019-07-05 04:03:54.748 - WARN  [nio-8081-exec-4] stractHandlerExceptionResolver : Resolved [org.springframework.dao.DataAccessResourceFailureException: Unable to acquire JDBC Connection; nested exception is org.hibernate.exception.JDBCConnectionException: Unable to acquire JDBC Connection]
2019-07-05 04:47:12.697 - WARN  [nio-8081-exec-8] stractHandlerExceptionResolver : Resolved [java.lang.NullPointerException]
2019-07-05 04:52:31.513 - WARN  [nio-8081-exec-9] stractHandlerExceptionResolver : Resolved [java.lang.NullPointerException]
2019-07-05 05:03:24.278 - WARN  [io-8081-exec-10] stractHandlerExceptionResolver : Resolved [java.lang.NullPointerException]
2019-07-05 05:30:15.546 - WARN  [l-1 housekeeper] c.z.h.p.HikariPool$HouseKeeper : HikariPool-1 - Thread starvation or clock leap detected (housekeeper delta=26m48s654ms).
2019-07-05 05:47:12.516 - WARN  [nio-8081-exec-7] stractHandlerExceptionResolver : Resolved [java.lang.NullPointerException]
2019-07-05 05:52:31.251 - WARN  [nio-8081-exec-2] stractHandlerExceptionResolver : Resolved [java.lang.NullPointerException]
2019-07-05 06:27:13.300 - WARN  [l-1 housekeeper] c.z.h.p.HikariPool$HouseKeeper : HikariPool-1 - Thread starvation or clock leap detected (housekeeper delta=27m27s427ms).
2019-07-05 06:47:13.227 - WARN  [nio-8081-exec-3] stractHandlerExceptionResolver : Resolved [java.lang.NullPointerException]
2019-07-05 06:52:31.056 - WARN  [nio-8081-exec-1] stractHandlerExceptionResolver : Resolved [java.lang.NullPointerException]
2019-07-05 07:24:37.540 - WARN  [l-1 housekeeper] c.z.h.p.HikariPool$HouseKeeper : HikariPool-1 - Thread starvation or clock leap detected (housekeeper delta=27m23s404ms).
2019-07-05 07:47:12.075 - WARN  [nio-8081-exec-5] stractHandlerExceptionResolver : Resolved [java.lang.NullPointerException]
2019-07-05 07:52:30.851 - WARN  [nio-8081-exec-6] stractHandlerExceptionResolver : Resolved [java.lang.NullPointerException]
2019-07-05 08:21:31.332 - WARN  [l-1 housekeeper] c.z.h.p.HikariPool$HouseKeeper : HikariPool-1 - Thread starvation or clock leap detected (housekeeper delta=27m23s455ms).
2019-07-05 08:47:11.882 - WARN  [nio-8081-exec-4] stractHandlerExceptionResolver : Resolved [java.lang.NullPointerException]
2019-07-05 08:52:30.642 - WARN  [nio-8081-exec-8] stractHandlerExceptionResolver : Resolved [java.lang.NullPointerException]
2019-07-05 09:03:23.429 - WARN  [nio-8081-exec-9] stractHandlerExceptionResolver : Resolved [java.lang.NullPointerException]
2019-07-05 09:12:50.576 - WARN  [nio-8081-exec-3] stractHandlerExceptionResolver : Resolved [java.lang.NullPointerException]
2019-07-05 09:12:53.598 - WARN  [nio-8081-exec-1] stractHandlerExceptionResolver : Resolved [java.lang.NullPointerException]
2019-07-05 09:47:11.645 - WARN  [nio-8081-exec-5] stractHandlerExceptionResolver : Resolved [java.lang.NullPointerException]
2019-07-05 09:48:31.474 - WARN  [nio-8081-exec-6] stractHandlerExceptionResolver : Resolved [java.lang.NullPointerException]
2019-07-05 09:49:05.758 - WARN  [nio-8081-exec-4] stractHandlerExceptionResolver : Resolved [java.lang.NullPointerException]
2019-07-05 09:49:06.413 - WARN  [nio-8081-exec-8] stractHandlerExceptionResolver : Resolved [java.lang.NullPointerException]
2019-07-05 09:49:06.480 - WARN  [io-8081-exec-10] stractHandlerExceptionResolver : Resolved [java.lang.NullPointerException]
2019-07-05 09:49:06.535 - WARN  [nio-8081-exec-3] stractHandlerExceptionResolver : Resolved [java.lang.NullPointerException]
2019-07-05 09:50:13.532 - WARN  [nio-8081-exec-5] stractHandlerExceptionResolver : Resolved [java.lang.NullPointerException]
2019-07-05 09:50:13.948 - WARN  [nio-8081-exec-4] stractHandlerExceptionResolver : Resolved [java.lang.NullPointerException]
2019-07-05 09:50:13.951 - WARN  [nio-8081-exec-6] stractHandlerExceptionResolver : Resolved [java.lang.NullPointerException]
2019-07-05 09:50:13.970 - WARN  [io-8081-exec-10] stractHandlerExceptionResolver : Resolved [java.lang.NullPointerException]
2019-07-05 10:12:53.583 - WARN  [nio-8081-exec-2] stractHandlerExceptionResolver : Resolved [java.lang.NullPointerException]
2019-07-05 11:24:33.688 - WARN  [l-1 housekeeper] c.z.h.p.HikariPool$HouseKeeper : HikariPool-1 - Thread starvation or clock leap detected (housekeeper delta=25m30s364ms).
2019-07-05 12:08:01.941 - WARN  [l-1 housekeeper] c.z.h.p.HikariPool$HouseKeeper : HikariPool-1 - Thread starvation or clock leap detected (housekeeper delta=13m57s945ms).
2019-07-05 12:52:42.298 - WARN  [l-1 housekeeper] c.z.h.p.HikariPool$HouseKeeper : HikariPool-1 - Thread starvation or clock leap detected (housekeeper delta=15m10s113ms).
2019-07-05 13:49:37.003 - WARN  [l-1 housekeeper] c.z.h.p.HikariPool$HouseKeeper : HikariPool-1 - Thread starvation or clock leap detected (housekeeper delta=27m24s482ms).
2019-07-05 14:42:59.161 - WARN  [l-1 housekeeper] c.z.h.p.HikariPool$HouseKeeper : HikariPool-1 - Thread starvation or clock leap detected (housekeeper delta=23m21s155ms).
2019-07-05 16:18:02.872 - INFO  [      Thread-65] c.s.AbstractApplicationContext : Closing org.springframework.boot.web.servlet.context.AnnotationConfigServletWebServerApplicationContext@24959ca4: startup date [Thu Jul 04 19:51:53 CST 2019]; root of context hierarchy
2019-07-05 16:18:03.021 - INFO  [      Thread-65] ecycleProcessor$LifecycleGroup : Stopping beans in phase 2147483647
2019-07-05 16:18:03.060 - INFO  [      Thread-65] o.s.j.e.MBeanExporter          : Unregistering JMX-exposed beans on shutdown
2019-07-05 16:18:03.070 - INFO  [      Thread-65] s.j.s.MBeanRegistrationSupport : Unregistering JMX-exposed beans
2019-07-05 16:18:04.661 - INFO  [      Thread-65] stractEntityManagerFactoryBean : Closing JPA EntityManagerFactory for persistence unit 'default'
2019-07-05 16:18:04.700 - INFO  [      Thread-65] c.z.h.HikariDataSource         : HikariPool-1 - Shutdown initiated...
2019-07-05 16:18:04.708 - INFO  [      Thread-65] c.z.h.HikariDataSource         : HikariPool-1 - Shutdown completed.
2019-07-05 17:55:55.367 - INFO  [           main] o.s.b.StartupInfoLogger        : Starting ApiApplication on bogon with PID 41612 (/Users/thz/IdeaProjects/wj/api/target/classes started by thz in /Users/thz/IdeaProjects/wj)
2019-07-05 17:55:55.378 - INFO  [           main] o.s.b.SpringApplication        : The following profiles are active: pro
2019-07-05 17:55:56.016 - INFO  [           main] c.s.AbstractApplicationContext : Refreshing org.springframework.boot.web.servlet.context.AnnotationConfigServletWebServerApplicationContext@10289886: startup date [Fri Jul 05 17:55:56 CST 2019]; root of context hierarchy
2019-07-05 17:55:58.798 - INFO  [           main] epositoryConfigurationDelegate : Multiple Spring Data modules found, entering strict repository configuration mode!
2019-07-05 17:55:59.188 - INFO  [           main] epositoryConfigurationDelegate : Multiple Spring Data modules found, entering strict repository configuration mode!
2019-07-05 17:55:59.240 - INFO  [           main] yConfigurationExtensionSupport : Spring Data Redis - Could not safely identify store assignment for repository candidate interface com.wj.core.repository.auth.AuthorityRepository.
2019-07-05 17:55:59.242 - INFO  [           main] yConfigurationExtensionSupport : Spring Data Redis - Could not safely identify store assignment for repository candidate interface com.wj.core.repository.auth.RoleAuthorityRepository.
2019-07-05 17:55:59.243 - INFO  [           main] yConfigurationExtensionSupport : Spring Data Redis - Could not safely identify store assignment for repository candidate interface com.wj.core.repository.base.BaseAreaRepository.
2019-07-05 17:55:59.244 - INFO  [           main] yConfigurationExtensionSupport : Spring Data Redis - Could not safely identify store assignment for repository candidate interface com.wj.core.repository.base.BaseCommuntityRepository.
2019-07-05 17:55:59.245 - INFO  [           main] yConfigurationExtensionSupport : Spring Data Redis - Could not safely identify store assignment for repository candidate interface com.wj.core.repository.base.BaseDeviceRepository.
2019-07-05 17:55:59.247 - INFO  [           main] yConfigurationExtensionSupport : Spring Data Redis - Could not safely identify store assignment for repository candidate interface com.wj.core.repository.base.BaseFamilyRepository.
2019-07-05 17:55:59.248 - INFO  [           main] yConfigurationExtensionSupport : Spring Data Redis - Could not safely identify store assignment for repository candidate interface com.wj.core.repository.base.BaseFloorRepository.
2019-07-05 17:55:59.249 - INFO  [           main] yConfigurationExtensionSupport : Spring Data Redis - Could not safely identify store assignment for repository candidate interface com.wj.core.repository.base.BaseUnitRepository.
2019-07-05 17:55:59.251 - INFO  [           main] yConfigurationExtensionSupport : Spring Data Redis - Could not safely identify store assignment for repository candidate interface com.wj.core.repository.base.FamilyCommuntityRepository.
2019-07-05 17:55:59.253 - INFO  [           main] yConfigurationExtensionSupport : Spring Data Redis - Could not safely identify store assignment for repository candidate interface com.wj.core.repository.base.SysVersionRepository.
2019-07-05 17:55:59.254 - INFO  [           main] yConfigurationExtensionSupport : Spring Data Redis - Could not safely identify store assignment for repository candidate interface com.wj.core.repository.card.CardRepository.
2019-07-05 17:55:59.256 - INFO  [           main] yConfigurationExtensionSupport : Spring Data Redis - Could not safely identify store assignment for repository candidate interface com.wj.core.repository.card.PadModuleRepository.
2019-07-05 17:55:59.258 - INFO  [           main] yConfigurationExtensionSupport : Spring Data Redis - Could not safely identify store assignment for repository candidate interface com.wj.core.repository.message.MessageCommuntityRepository.
2019-07-05 17:55:59.260 - INFO  [           main] yConfigurationExtensionSupport : Spring Data Redis - Could not safely identify store assignment for repository candidate interface com.wj.core.repository.message.MessageRepository.
2019-07-05 17:55:59.261 - INFO  [           main] yConfigurationExtensionSupport : Spring Data Redis - Could not safely identify store assignment for repository candidate interface com.wj.core.repository.message.MessageUserRepository.
2019-07-05 17:55:59.263 - INFO  [           main] yConfigurationExtensionSupport : Spring Data Redis - Could not safely identify store assignment for repository candidate interface com.wj.core.repository.op.AdvCommuntityRepository.
2019-07-05 17:55:59.264 - INFO  [           main] yConfigurationExtensionSupport : Spring Data Redis - Could not safely identify store assignment for repository candidate interface com.wj.core.repository.op.AdvRepository.
2019-07-05 17:55:59.265 - INFO  [           main] yConfigurationExtensionSupport : Spring Data Redis - Could not safely identify store assignment for repository candidate interface com.wj.core.repository.op.AdvUserRepository.
2019-07-05 17:55:59.267 - INFO  [           main] yConfigurationExtensionSupport : Spring Data Redis - Could not safely identify store assignment for repository candidate interface com.wj.core.repository.op.BannerRepository.
2019-07-05 17:55:59.268 - INFO  [           main] yConfigurationExtensionSupport : Spring Data Redis - Could not safely identify store assignment for repository candidate interface com.wj.core.repository.op.BannerTypeRepository.
2019-07-05 17:55:59.269 - INFO  [           main] yConfigurationExtensionSupport : Spring Data Redis - Could not safely identify store assignment for repository candidate interface com.wj.core.repository.op.FamilyServeRepository.
2019-07-05 17:55:59.270 - INFO  [           main] yConfigurationExtensionSupport : Spring Data Redis - Could not safely identify store assignment for repository candidate interface com.wj.core.repository.op.ServeRepository.
2019-07-05 17:55:59.272 - INFO  [           main] yConfigurationExtensionSupport : Spring Data Redis - Could not safely identify store assignment for repository candidate interface com.wj.core.repository.op.ServiceCategoryRepository.
2019-07-05 17:55:59.274 - INFO  [           main] yConfigurationExtensionSupport : Spring Data Redis - Could not safely identify store assignment for repository candidate interface com.wj.core.repository.user.RestrictRepository.
2019-07-05 17:55:59.275 - INFO  [           main] yConfigurationExtensionSupport : Spring Data Redis - Could not safely identify store assignment for repository candidate interface com.wj.core.repository.user.RoleRepository.
2019-07-05 17:55:59.276 - INFO  [           main] yConfigurationExtensionSupport : Spring Data Redis - Could not safely identify store assignment for repository candidate interface com.wj.core.repository.user.ScreenRepository.
2019-07-05 17:55:59.277 - INFO  [           main] yConfigurationExtensionSupport : Spring Data Redis - Could not safely identify store assignment for repository candidate interface com.wj.core.repository.user.UserFamilyRepository.
2019-07-05 17:55:59.278 - INFO  [           main] yConfigurationExtensionSupport : Spring Data Redis - Could not safely identify store assignment for repository candidate interface com.wj.core.repository.user.UserInfoRepository.
2019-07-05 17:55:59.278 - INFO  [           main] yConfigurationExtensionSupport : Spring Data Redis - Could not safely identify store assignment for repository candidate interface com.wj.core.repository.user.UserRoleRepository.
2019-07-05 17:56:00.204 - INFO  [           main] egate$BeanPostProcessorChecker : Bean 'org.springframework.transaction.annotation.ProxyTransactionManagementConfiguration' of type [org.springframework.transaction.annotation.ProxyTransactionManagementConfiguration$$EnhancerBySpringCGLIB$$2594ae2d] is not eligible for getting processed by all BeanPostProcessors (for example: not eligible for auto-proxying)
2019-07-05 17:56:01.059 - INFO  [           main] o.s.b.w.e.t.TomcatWebServer    : Tomcat initialized with port(s): 8081 (http)
2019-07-05 17:56:01.073 - INFO  [           main] o.a.j.l.DirectJDKLog           : Initializing ProtocolHandler ["http-nio-8081"]
2019-07-05 17:56:01.085 - INFO  [           main] o.a.j.l.DirectJDKLog           : Starting service [Tomcat]
2019-07-05 17:56:01.085 - INFO  [           main] o.a.j.l.DirectJDKLog           : Starting Servlet Engine: Apache Tomcat/8.5.34
2019-07-05 17:56:01.092 - INFO  [ost-startStop-1] o.a.j.l.DirectJDKLog           : The APR based Apache Tomcat Native library which allows optimal performance in production environments was not found on the java.library.path: [/Users/thz/Library/Java/Extensions:/Library/Java/Extensions:/Network/Library/Java/Extensions:/System/Library/Java/Extensions:/usr/lib/java:.]
2019-07-05 17:56:01.221 - INFO  [ost-startStop-1] o.a.j.l.DirectJDKLog           : Initializing Spring embedded WebApplicationContext
2019-07-05 17:56:01.221 - INFO  [ost-startStop-1] letWebServerApplicationContext : Root WebApplicationContext: initialization completed in 5206 ms
2019-07-05 17:56:01.382 - INFO  [ost-startStop-1] AbstractFilterRegistrationBean : Mapping filter: 'characterEncodingFilter' to: [/*]
2019-07-05 17:56:01.382 - INFO  [ost-startStop-1] AbstractFilterRegistrationBean : Mapping filter: 'hiddenHttpMethodFilter' to: [/*]
2019-07-05 17:56:01.382 - INFO  [ost-startStop-1] AbstractFilterRegistrationBean : Mapping filter: 'httpPutFormContentFilter' to: [/*]
2019-07-05 17:56:01.383 - INFO  [ost-startStop-1] AbstractFilterRegistrationBean : Mapping filter: 'requestContextFilter' to: [/*]
2019-07-05 17:56:01.383 - INFO  [ost-startStop-1] AbstractFilterRegistrationBean : Mapping filter: 'jwtFilter' to urls: [/test/*]
2019-07-05 17:56:01.383 - INFO  [ost-startStop-1] .b.w.s.ServletRegistrationBean : Servlet dispatcherServlet mapped to [/]
2019-07-05 17:56:01.531 - INFO  [           main] c.z.h.HikariDataSource         : HikariPool-1 - Starting...
2019-07-05 17:56:03.330 - INFO  [           main] c.z.h.HikariDataSource         : HikariPool-1 - Start completed.
2019-07-05 17:56:03.889 - INFO  [           main] tainerEntityManagerFactoryBean : Building JPA container EntityManagerFactory for persistence unit 'default'
2019-07-05 17:56:03.944 - INFO  [           main] o.h.j.i.u.LogHelper            : HHH000204: Processing PersistenceUnitInfo [
	name: default
	...]
2019-07-05 17:56:04.814 - INFO  [           main] o.h.Version                    : HHH000412: Hibernate Core {5.2.17.Final}
2019-07-05 17:56:04.832 - INFO  [           main] o.h.c.Environment              : HHH000206: hibernate.properties not found
2019-07-05 17:56:04.969 - INFO  [           main] .a.c.r.j.JavaReflectionManager : HCANN000001: Hibernate Commons Annotations {5.0.1.Final}
2019-07-05 17:56:05.289 - INFO  [           main] o.h.d.Dialect                  : HHH000400: Using dialect: org.hibernate.dialect.MySQL5Dialect
2019-07-05 17:56:06.239 - WARN  [           main] o.h.m.RootClass                : HHH000038: Composite-id class does not override equals(): com.wj.core.entity.user.embeddable.UserFamily
2019-07-05 17:56:06.239 - WARN  [           main] o.h.m.RootClass                : HHH000039: Composite-id class does not override hashCode(): com.wj.core.entity.user.embeddable.UserFamily
2019-07-05 17:56:06.253 - WARN  [           main] o.h.m.RootClass                : HHH000038: Composite-id class does not override equals(): com.wj.core.entity.user.embeddable.UserRole
2019-07-05 17:56:06.254 - WARN  [           main] o.h.m.RootClass                : HHH000039: Composite-id class does not override hashCode(): com.wj.core.entity.user.embeddable.UserRole
2019-07-05 17:56:06.255 - WARN  [           main] o.h.m.RootClass                : HHH000038: Composite-id class does not override equals(): com.wj.core.entity.op.embeddable.FamilyService
2019-07-05 17:56:06.256 - WARN  [           main] o.h.m.RootClass                : HHH000039: Composite-id class does not override hashCode(): com.wj.core.entity.op.embeddable.FamilyService
2019-07-05 17:56:06.258 - WARN  [           main] o.h.m.RootClass                : HHH000038: Composite-id class does not override equals(): com.wj.core.entity.base.embeddable.FamilyCommuntity
2019-07-05 17:56:06.259 - WARN  [           main] o.h.m.RootClass                : HHH000039: Composite-id class does not override hashCode(): com.wj.core.entity.base.embeddable.FamilyCommuntity
2019-07-05 17:56:06.260 - WARN  [           main] o.h.m.RootClass                : HHH000038: Composite-id class does not override equals(): com.wj.core.entity.user.embeddable.RoleAuthority
2019-07-05 17:56:06.261 - WARN  [           main] o.h.m.RootClass                : HHH000039: Composite-id class does not override hashCode(): com.wj.core.entity.user.embeddable.RoleAuthority
2019-07-05 17:56:07.989 - INFO  [           main] stractEntityManagerFactoryBean : Initialized JPA EntityManagerFactory for persistence unit 'default'
2019-07-05 17:56:09.002 - INFO  [           main] ueryTranslatorFactoryInitiator : HHH000397: Using ASTQueryTranslatorFactory
2019-07-05 17:56:12.103 - WARN  [           main] uration$JpaWebMvcConfiguration : spring.jpa.open-in-view is enabled by default. Therefore, database queries may be performed during view rendering. Explicitly configure spring.jpa.open-in-view to disable this warning
2019-07-05 17:56:12.211 - INFO  [           main] rMethodMapping$MappingRegistry : Mapped "{[/error],produces=[application/json]}" onto public org.springframework.http.ResponseEntity<java.util.Map<java.lang.String, java.lang.Object>> com.wj.api.controller.MyCommonErrorController.error(javax.servlet.http.HttpServletRequest)
2019-07-05 17:56:12.213 - INFO  [           main] rMethodMapping$MappingRegistry : Mapped "{[/error],produces=[text/html]}" onto public org.springframework.web.servlet.ModelAndView org.springframework.boot.autoconfigure.web.servlet.error.BasicErrorController.errorHtml(javax.servlet.http.HttpServletRequest,javax.servlet.http.HttpServletResponse)
2019-07-05 17:56:12.218 - INFO  [           main] rMethodMapping$MappingRegistry : Mapped "{[/area/findProByPid],methods=[GET]}" onto public com.wj.api.filter.ResponseMessage<java.util.List<com.wj.core.entity.base.dto.BaseAreaDTO>> com.wj.api.controller.base.BaseAreaController.findProByPid(java.lang.Integer)
2019-07-05 17:56:12.219 - INFO  [           main] rMethodMapping$MappingRegistry : Mapped "{[/area/findArea],methods=[GET]}" onto public com.wj.api.filter.ResponseMessage<java.util.List<com.wj.core.entity.base.BaseArea>> com.wj.api.controller.base.BaseAreaController.findArea(java.lang.Integer)
2019-07-05 17:56:12.221 - INFO  [           main] rMethodMapping$MappingRegistry : Mapped "{[/v1/system/version],methods=[GET]}" onto private com.wj.api.filter.ResponseMessage<com.wj.core.entity.user.SysVersion> com.wj.api.controller.base.SystemController.getVer()
2019-07-05 17:56:12.229 - INFO  [           main] rMethodMapping$MappingRegistry : Mapped "{[/v1/card/save],methods=[POST]}" onto public com.wj.api.filter.ResponseMessage com.wj.api.controller.card.CardController.saveUserCard(java.lang.Integer)
2019-07-05 17:56:12.230 - INFO  [           main] rMethodMapping$MappingRegistry : Mapped "{[/v1/card/user],methods=[GET]}" onto public com.wj.api.filter.ResponseMessage<java.util.List<com.wj.core.entity.card.dto.CardDTO>> com.wj.api.controller.card.CardController.getUserCard()
2019-07-05 17:56:12.231 - INFO  [           main] rMethodMapping$MappingRegistry : Mapped "{[/v1/card/all],methods=[GET]}" onto public com.wj.api.filter.ResponseMessage<java.util.List<com.wj.core.entity.card.OpCard>> com.wj.api.controller.card.CardController.getUserAllCard()
2019-07-05 17:56:12.232 - INFO  [           main] rMethodMapping$MappingRegistry : Mapped "{[/v1/card/remove],methods=[POST]}" onto public com.wj.api.filter.ResponseMessage com.wj.api.controller.card.CardController.removeCard(java.lang.Integer)
2019-07-05 17:56:12.234 - INFO  [           main] rMethodMapping$MappingRegistry : Mapped "{[/v1/card/detail],methods=[GET]}" onto public com.wj.api.filter.ResponseMessage<com.wj.core.entity.card.dto.CardDetailDTO> com.wj.api.controller.card.CardController.getDetail(java.lang.Integer)
2019-07-05 17:56:12.238 - INFO  [           main] rMethodMapping$MappingRegistry : Mapped "{[/v1/message/findListByUserId],methods=[GET]}" onto public com.wj.api.filter.ResponseMessage<org.springframework.data.domain.Page<com.wj.core.entity.message.Message>> com.wj.api.controller.message.MessageController.findListByUserId(java.lang.Integer,java.lang.Integer,java.lang.Integer,java.lang.Integer)
2019-07-05 17:56:12.239 - INFO  [           main] rMethodMapping$MappingRegistry : Mapped "{[/v1/message/findTopThreeByUserId],methods=[GET]}" onto public com.wj.api.filter.ResponseMessage<java.util.List<com.wj.core.entity.message.Message>> com.wj.api.controller.message.MessageController.findTopThreeByUserId()
2019-07-05 17:56:12.241 - INFO  [           main] rMethodMapping$MappingRegistry : Mapped "{[/v1/message/updateIsRead],methods=[POST]}" onto public com.wj.api.filter.ResponseMessage<java.lang.Integer> com.wj.api.controller.message.MessageController.updateIsRead(java.lang.Integer)
2019-07-05 17:56:12.243 - INFO  [           main] rMethodMapping$MappingRegistry : Mapped "{[/v1/message/isUnRead],methods=[GET]}" onto public com.wj.api.filter.ResponseMessage<java.lang.Boolean> com.wj.api.controller.message.MessageController.getIsUnReadMessage()
2019-07-05 17:56:12.248 - INFO  [           main] rMethodMapping$MappingRegistry : Mapped "{[/v1/service/subscribe],methods=[POST]}" onto public com.wj.api.filter.ResponseMessage com.wj.api.controller.op.ServeController.subscribe(java.lang.Integer,java.lang.Integer)
2019-07-05 17:56:12.249 - INFO  [           main] rMethodMapping$MappingRegistry : Mapped "{[/v1/service/findById],methods=[GET]}" onto public com.wj.api.filter.ResponseMessage<com.wj.core.entity.op.OpService> com.wj.api.controller.op.ServeController.findById(java.lang.Integer)
2019-07-05 17:56:12.250 - INFO  [           main] rMethodMapping$MappingRegistry : Mapped "{[/v1/service/findListByType],methods=[GET]}" onto public com.wj.api.filter.ResponseMessage<com.wj.core.entity.user.dto.ServiceAllDTO> com.wj.api.controller.op.ServeController.findListByType(java.lang.Integer,java.lang.Integer,java.lang.Integer)
2019-07-05 17:56:12.253 - INFO  [           main] rMethodMapping$MappingRegistry : Mapped "{[/login/sendMsg],methods=[GET]}" onto public com.wj.api.filter.ResponseMessage com.wj.api.controller.user.LoginController.sendMsg(javax.servlet.http.HttpServletRequest)
2019-07-05 17:56:12.255 - INFO  [           main] rMethodMapping$MappingRegistry : Mapped "{[/login/checking],methods=[GET]}" onto public com.wj.api.filter.ResponseMessage<com.wj.core.entity.user.dto.LoginDTO> com.wj.api.controller.user.LoginController.checking(javax.servlet.http.HttpServletRequest)
2019-07-05 17:56:12.257 - INFO  [           main] rMethodMapping$MappingRegistry : Mapped "{[/v1/screen/findAll],methods=[GET]}" onto public com.wj.api.filter.ResponseMessage<com.wj.core.entity.user.SysScreen> com.wj.api.controller.user.ScreenController.findAll()
2019-07-05 17:56:12.259 - INFO  [           main] rMethodMapping$MappingRegistry : Mapped "{[/v1/login/getToken],methods=[GET]}" onto public com.wj.api.filter.ResponseMessage<java.lang.String> com.wj.api.controller.user.TokenController.getToken()
2019-07-05 17:56:12.268 - INFO  [           main] rMethodMapping$MappingRegistry : Mapped "{[/v1/userFamily/findByUserId],methods=[GET]}" onto public com.wj.api.filter.ResponseMessage<java.util.List<com.wj.core.entity.user.SysUserFamily>> com.wj.api.controller.user.UserFamilyController.findByUserId(int)
2019-07-05 17:56:12.270 - INFO  [           main] rMethodMapping$MappingRegistry : Mapped "{[/v1/userFamily/findFamilyUserList],methods=[GET]}" onto public com.wj.api.filter.ResponseMessage<java.util.List<com.wj.core.entity.user.SysUserInfo>> com.wj.api.controller.user.UserFamilyController.findFamilyUserList(java.lang.Integer)
2019-07-05 17:56:12.271 - INFO  [           main] rMethodMapping$MappingRegistry : Mapped "{[/v1/userFamily/addFamily],methods=[POST]}" onto public com.wj.api.filter.ResponseMessage com.wj.api.controller.user.UserFamilyController.addFamily(java.lang.String,java.lang.Integer)
2019-07-05 17:56:12.272 - INFO  [           main] rMethodMapping$MappingRegistry : Mapped "{[/v1/user/findUserInfo],methods=[GET]}" onto public com.wj.api.filter.ResponseMessage<com.wj.core.entity.user.dto.IndexDTO> com.wj.api.controller.user.UserInfoController.findUserInfo(javax.servlet.http.HttpServletRequest)
2019-07-05 17:56:12.276 - INFO  [           main] rMethodMapping$MappingRegistry : Mapped "{[/v1/weather/query],methods=[GET]}" onto public com.wj.api.filter.ResponseMessage<com.wj.core.entity.user.dto.WeatherDTO> com.wj.api.controller.user.WeatherController.query()
2019-07-05 17:56:12.285 - INFO  [           main] rMethodMapping$MappingRegistry : Mapped "{[/swagger-resources/configuration/security]}" onto public org.springframework.http.ResponseEntity<springfox.documentation.swagger.web.SecurityConfiguration> springfox.documentation.swagger.web.ApiResourceController.securityConfiguration()
2019-07-05 17:56:12.287 - INFO  [           main] rMethodMapping$MappingRegistry : Mapped "{[/swagger-resources/configuration/ui]}" onto public org.springframework.http.ResponseEntity<springfox.documentation.swagger.web.UiConfiguration> springfox.documentation.swagger.web.ApiResourceController.uiConfiguration()
2019-07-05 17:56:12.290 - INFO  [           main] rMethodMapping$MappingRegistry : Mapped "{[/swagger-resources]}" onto public org.springframework.http.ResponseEntity<java.util.List<springfox.documentation.swagger.web.SwaggerResource>> springfox.documentation.swagger.web.ApiResourceController.swaggerResources()
2019-07-05 17:56:12.574 - INFO  [           main] edRequestMappingHandlerMapping : Mapped URL path [/v2/api-docs] onto method [public org.springframework.http.ResponseEntity<springfox.documentation.spring.web.json.Json> springfox.documentation.swagger2.web.Swagger2Controller.getDocumentation(java.lang.String,javax.servlet.http.HttpServletRequest)]
2019-07-05 17:56:12.676 - INFO  [           main] .s.h.AbstractUrlHandlerMapping : Mapped URL path [/**/favicon.ico] onto handler of type [class org.springframework.web.servlet.resource.ResourceHttpRequestHandler]
2019-07-05 17:56:12.874 - INFO  [           main] a.RequestMappingHandlerAdapter : Looking for @ControllerAdvice: org.springframework.boot.web.servlet.context.AnnotationConfigServletWebServerApplicationContext@10289886: startup date [Fri Jul 05 17:55:56 CST 2019]; root of context hierarchy
2019-07-05 17:56:12.930 - INFO  [           main] .s.h.AbstractUrlHandlerMapping : Mapped URL path [/webjars/**] onto handler of type [class org.springframework.web.servlet.resource.ResourceHttpRequestHandler]
2019-07-05 17:56:12.930 - INFO  [           main] .s.h.AbstractUrlHandlerMapping : Mapped URL path [/**] onto handler of type [class org.springframework.web.servlet.resource.ResourceHttpRequestHandler]
2019-07-05 17:56:12.948 - INFO  [           main] eptionHandlerExceptionResolver : Detected @ExceptionHandler methods in customExceptionHandler
2019-07-05 17:56:13.531 - INFO  [           main] o.s.j.e.MBeanExporter          : Registering beans for JMX exposure on startup
2019-07-05 17:56:13.534 - INFO  [           main] o.s.j.e.MBeanExporter          : Bean with name 'dataSource' has been autodetected for JMX exposure
2019-07-05 17:56:13.546 - INFO  [           main] o.s.j.e.MBeanExporter          : Located MBean 'dataSource': registering with JMX server as MBean [com.zaxxer.hikari:name=dataSource,type=HikariDataSource]
2019-07-05 17:56:13.555 - INFO  [           main] ecycleProcessor$LifecycleGroup : Starting beans in phase 2147483647
2019-07-05 17:56:13.555 - INFO  [           main] cumentationPluginsBootstrapper : Context refreshed
2019-07-05 17:56:13.580 - INFO  [           main] cumentationPluginsBootstrapper : Found 1 custom documentation plugin(s)
2019-07-05 17:56:13.631 - INFO  [           main] w.s.ApiListingReferenceScanner : Scanning for api listing references
2019-07-05 17:56:14.638 - INFO  [           main] o.a.j.l.DirectJDKLog           : Starting ProtocolHandler ["http-nio-8081"]
2019-07-05 17:56:14.675 - INFO  [           main] o.a.j.l.DirectJDKLog           : Using a shared selector for servlet write/read
2019-07-05 17:56:14.693 - INFO  [           main] o.s.b.w.e.t.TomcatWebServer    : Tomcat started on port(s): 8081 (http) with context path ''
2019-07-05 17:56:14.698 - INFO  [           main] o.s.b.StartupInfoLogger        : Started ApiApplication in 20.947 seconds (JVM running for 24.017)
2019-07-05 17:56:27.381 - INFO  [nio-8081-exec-2] o.a.j.l.DirectJDKLog           : Initializing Spring FrameworkServlet 'dispatcherServlet'
2019-07-05 17:56:27.382 - INFO  [nio-8081-exec-2] o.s.w.s.FrameworkServlet       : FrameworkServlet 'dispatcherServlet': initialization started
2019-07-05 17:56:27.412 - INFO  [nio-8081-exec-2] o.s.w.s.FrameworkServlet       : FrameworkServlet 'dispatcherServlet': initialization completed in 30 ms
2019-07-05 17:56:27.464 - INFO  [nio-8081-exec-2] c.w.a.c.u.LoginController      : 18600000012发送验证码info
2019-07-05 17:56:27.864 - INFO  [nio-8081-exec-2] i.n.u.i.l.Slf4JLogger          : Starting without optional epoll library
2019-07-05 17:56:27.928 - INFO  [nio-8081-exec-2] i.n.u.i.l.Slf4JLogger          : Starting with kqueue library
2019-07-05 18:01:28.191 - INFO  [        Timer-0] c.w.a.c.u.LoginController$1    : 18600000012的验证码已失效
2019-07-05 18:50:29.386 - WARN  [l-1 housekeeper] c.z.h.p.HikariPool$HouseKeeper : HikariPool-1 - Thread starvation or clock leap detected (housekeeper delta=16m25s635ms).
2019-07-05 18:56:20.860 - WARN  [l-1 housekeeper] c.z.h.p.HikariPool$HouseKeeper : HikariPool-1 - Thread starvation or clock leap detected (housekeeper delta=5m21s466ms).
2019-07-05 19:45:18.616 - INFO  [      Thread-46] c.s.AbstractApplicationContext : Closing org.springframework.boot.web.servlet.context.AnnotationConfigServletWebServerApplicationContext@10289886: startup date [Fri Jul 05 17:55:56 CST 2019]; root of context hierarchy
2019-07-05 19:45:18.645 - INFO  [      Thread-46] ecycleProcessor$LifecycleGroup : Stopping beans in phase 2147483647
2019-07-05 19:45:18.651 - INFO  [      Thread-46] o.s.j.e.MBeanExporter          : Unregistering JMX-exposed beans on shutdown
2019-07-05 19:45:18.653 - INFO  [      Thread-46] s.j.s.MBeanRegistrationSupport : Unregistering JMX-exposed beans
2019-07-05 19:45:19.826 - INFO  [      Thread-46] stractEntityManagerFactoryBean : Closing JPA EntityManagerFactory for persistence unit 'default'
2019-07-05 19:45:19.832 - INFO  [      Thread-46] c.z.h.HikariDataSource         : HikariPool-1 - Shutdown initiated...
2019-07-05 19:45:19.835 - INFO  [      Thread-46] c.z.h.HikariDataSource         : HikariPool-1 - Shutdown completed.
